{
  "stats": {
    "suites": 1,
    "tests": 1,
    "passes": 1,
    "pending": 0,
    "failures": 0,
    "start": "2025-04-16T00:30:05.432Z",
    "end": "2025-04-16T00:30:14.417Z",
    "duration": 8985,
    "testsRegistered": 1,
    "passPercent": 100,
    "pendingPercent": 0,
    "other": 0,
    "hasOther": false,
    "skipped": 0,
    "hasSkipped": false
  },
  "results": [
    {
      "uuid": "b85876a7-1f04-491e-bdc8-807391a7f16d",
      "title": "",
      "fullFile": "cypress/e2e/cadastoEbacV2.cy.js",
      "file": "cypress/e2e/cadastoEbacV2.cy.js",
      "beforeHooks": [],
      "afterHooks": [],
      "tests": [],
      "suites": [
        {
          "uuid": "594fd1ee-44e3-43a6-8cf8-d739b9dc8e19",
          "title": "Testes de cadastro",
          "fullFile": "",
          "file": "",
          "beforeHooks": [],
          "afterHooks": [],
          "tests": [
            {
              "title": "Deve cadastrar um usuário com sucesso",
              "fullTitle": "Testes de cadastro Deve cadastrar um usuário com sucesso",
              "timedOut": null,
              "duration": 8944,
              "state": "passed",
              "speed": "medium",
              "pass": true,
              "fail": false,
              "pending": false,
              "context": null,
              "code": "cy.cadastro(); // Chama o comando cadastro com dados aleatórios",
              "err": {},
              "uuid": "6e19423e-5f4d-4930-8dc8-62aa3afc1505",
              "parentUUID": "594fd1ee-44e3-43a6-8cf8-d739b9dc8e19",
              "isHook": false,
              "skipped": false
            }
          ],
          "suites": [],
          "passes": [
            "6e19423e-5f4d-4930-8dc8-62aa3afc1505"
          ],
          "failures": [],
          "pending": [],
          "skipped": [],
          "duration": 8944,
          "root": false,
          "rootEmpty": false,
          "_timeout": 2000
        }
      ],
      "passes": [],
      "failures": [],
      "pending": [],
      "skipped": [],
      "duration": 0,
      "root": true,
      "rootEmpty": true,
      "_timeout": 2000
    }
  ],
  "meta": {
    "mocha": {
      "version": "7.2.0"
    },
    "mochawesome": {
      "options": {
        "quiet": false,
        "reportFilename": "mochawesome",
        "saveHtml": false,
        "saveJson": true,
        "consoleReporter": "spec",
        "useInlineDiffs": false,
        "code": true
      },
      "version": "7.1.3"
    },
    "marge": {
      "options": {
        "reportDir": "cypress/results",
        "reportFilename": "mochawesome",
        "overwrite": false,
        "html": false,
        "json": true
      },
      "version": "6.2.0"
    }
  }
}