{
  "stats": {
    "suites": 1,
    "tests": 1,
    "passes": 1,
    "pending": 0,
    "failures": 0,
    "start": "2025-04-13T18:29:18.515Z",
    "end": "2025-04-13T18:29:32.580Z",
    "duration": 14065,
    "testsRegistered": 1,
    "passPercent": 100,
    "pendingPercent": 0,
    "other": 0,
    "hasOther": false,
    "skipped": 0,
    "hasSkipped": false
  },
  "results": [
    {
      "uuid": "32db4712-7ba2-428d-8ced-0635145c8dd4",
      "title": "",
      "fullFile": "cypress\\e2e\\cadastoEbacV2.cy.js",
      "file": "cypress\\e2e\\cadastoEbacV2.cy.js",
      "beforeHooks": [],
      "afterHooks": [],
      "tests": [],
      "suites": [
        {
          "uuid": "f67f30b1-3990-4414-b0a2-1144fbaa0c5d",
          "title": "Testes de cadastro",
          "fullFile": "",
          "file": "",
          "beforeHooks": [],
          "afterHooks": [],
          "tests": [
            {
              "title": "Deve cadastrar um usuário com sucesso",
              "fullTitle": "Testes de cadastro Deve cadastrar um usuário com sucesso",
              "timedOut": null,
              "duration": 13917,
              "state": "passed",
              "speed": "slow",
              "pass": true,
              "fail": false,
              "pending": false,
              "context": null,
              "code": "cy.cadastro(); // Chama o comando cadastro com dados aleatórios",
              "err": {},
              "uuid": "ad108911-b5be-4b13-b61a-c344072e7268",
              "parentUUID": "f67f30b1-3990-4414-b0a2-1144fbaa0c5d",
              "isHook": false,
              "skipped": false
            }
          ],
          "suites": [],
          "passes": [
            "ad108911-b5be-4b13-b61a-c344072e7268"
          ],
          "failures": [],
          "pending": [],
          "skipped": [],
          "duration": 13917,
          "root": false,
          "rootEmpty": false,
          "_timeout": 2000
        }
      ],
      "passes": [],
      "failures": [],
      "pending": [],
      "skipped": [],
      "duration": 0,
      "root": true,
      "rootEmpty": true,
      "_timeout": 2000
    }
  ],
  "meta": {
    "mocha": {
      "version": "7.0.1"
    },
    "mochawesome": {
      "options": {
        "quiet": false,
        "reportFilename": "mochawesome",
        "saveHtml": false,
        "saveJson": true,
        "consoleReporter": "spec",
        "useInlineDiffs": false,
        "code": true
      },
      "version": "7.1.3"
    },
    "marge": {
      "options": {
        "reportDir": "cypress/results",
        "reportFilename": "mochawesome",
        "overwrite": false,
        "html": false,
        "json": true
      },
      "version": "6.2.0"
    }
  }
}