{
  "stats": {
    "suites": 1,
    "tests": 1,
    "passes": 1,
    "pending": 0,
    "failures": 0,
    "start": "2025-04-16T00:36:49.515Z",
    "end": "2025-04-16T00:36:59.145Z",
    "duration": 9630,
    "testsRegistered": 1,
    "passPercent": 100,
    "pendingPercent": 0,
    "other": 0,
    "hasOther": false,
    "skipped": 0,
    "hasSkipped": false
  },
  "results": [
    {
      "uuid": "515109a8-cf53-4f6b-a630-4460c7b7f7ad",
      "title": "",
      "fullFile": "cypress\\e2e\\cadastoEbacV2.cy.js",
      "file": "cypress\\e2e\\cadastoEbacV2.cy.js",
      "beforeHooks": [],
      "afterHooks": [],
      "tests": [],
      "suites": [
        {
          "uuid": "0b742627-7cc1-4d5c-b617-bd9c5a721bf5",
          "title": "Testes de cadastro",
          "fullFile": "",
          "file": "",
          "beforeHooks": [],
          "afterHooks": [],
          "tests": [
            {
              "title": "Deve cadastrar um usuário com sucesso",
              "fullTitle": "Testes de cadastro Deve cadastrar um usuário com sucesso",
              "timedOut": null,
              "duration": 9571,
              "state": "passed",
              "speed": "medium",
              "pass": true,
              "fail": false,
              "pending": false,
              "context": null,
              "code": "cy.cadastro(); // Chama o comando cadastro com dados aleatórios",
              "err": {},
              "uuid": "b1dd19fb-24c9-4eb2-91e9-fdf44f4fa6d5",
              "parentUUID": "0b742627-7cc1-4d5c-b617-bd9c5a721bf5",
              "isHook": false,
              "skipped": false
            }
          ],
          "suites": [],
          "passes": [
            "b1dd19fb-24c9-4eb2-91e9-fdf44f4fa6d5"
          ],
          "failures": [],
          "pending": [],
          "skipped": [],
          "duration": 9571,
          "root": false,
          "rootEmpty": false,
          "_timeout": 2000
        }
      ],
      "passes": [],
      "failures": [],
      "pending": [],
      "skipped": [],
      "duration": 0,
      "root": true,
      "rootEmpty": true,
      "_timeout": 2000
    }
  ],
  "meta": {
    "mocha": {
      "version": "7.0.1"
    },
    "mochawesome": {
      "options": {
        "quiet": false,
        "reportFilename": "mochawesome",
        "saveHtml": false,
        "saveJson": true,
        "consoleReporter": "spec",
        "useInlineDiffs": false,
        "code": true
      },
      "version": "7.1.3"
    },
    "marge": {
      "options": {
        "reportDir": "cypress/results",
        "reportFilename": "mochawesome",
        "overwrite": false,
        "html": false,
        "json": true
      },
      "version": "6.2.0"
    }
  }
}