{
  "stats": {
    "suites": 1,
    "tests": 1,
    "passes": 1,
    "pending": 0,
    "failures": 0,
    "start": "2025-04-16T00:45:48.311Z",
    "end": "2025-04-16T00:45:54.466Z",
    "duration": 6155,
    "testsRegistered": 1,
    "passPercent": 100,
    "pendingPercent": 0,
    "other": 0,
    "hasOther": false,
    "skipped": 0,
    "hasSkipped": false
  },
  "results": [
    {
      "uuid": "c7eb1691-4dad-40de-8479-0425da648861",
      "title": "",
      "fullFile": "cypress\\e2e\\cadastoEbacV2.cy.js",
      "file": "cypress\\e2e\\cadastoEbacV2.cy.js",
      "beforeHooks": [],
      "afterHooks": [],
      "tests": [],
      "suites": [
        {
          "uuid": "7eb87903-baba-4cbf-a1cf-97e110ad175d",
          "title": "Testes de cadastro",
          "fullFile": "",
          "file": "",
          "beforeHooks": [],
          "afterHooks": [],
          "tests": [
            {
              "title": "Deve cadastrar um usuário com sucesso",
              "fullTitle": "Testes de cadastro Deve cadastrar um usuário com sucesso",
              "timedOut": null,
              "duration": 6096,
              "state": "passed",
              "speed": "medium",
              "pass": true,
              "fail": false,
              "pending": false,
              "context": null,
              "code": "cy.cadastro(); // Chama o comando cadastro com dados aleatórios",
              "err": {},
              "uuid": "e7d5b8b4-d8d8-485c-bbb0-0e1107aa21f1",
              "parentUUID": "7eb87903-baba-4cbf-a1cf-97e110ad175d",
              "isHook": false,
              "skipped": false
            }
          ],
          "suites": [],
          "passes": [
            "e7d5b8b4-d8d8-485c-bbb0-0e1107aa21f1"
          ],
          "failures": [],
          "pending": [],
          "skipped": [],
          "duration": 6096,
          "root": false,
          "rootEmpty": false,
          "_timeout": 2000
        }
      ],
      "passes": [],
      "failures": [],
      "pending": [],
      "skipped": [],
      "duration": 0,
      "root": true,
      "rootEmpty": true,
      "_timeout": 2000
    }
  ],
  "meta": {
    "mocha": {
      "version": "7.0.1"
    },
    "mochawesome": {
      "options": {
        "quiet": false,
        "reportFilename": "mochawesome",
        "saveHtml": false,
        "saveJson": true,
        "consoleReporter": "spec",
        "useInlineDiffs": false,
        "code": true
      },
      "version": "7.1.3"
    },
    "marge": {
      "options": {
        "reportDir": "cypress/results",
        "reportFilename": "mochawesome",
        "overwrite": false,
        "html": false,
        "json": true
      },
      "version": "6.2.0"
    }
  }
}